<?xml version="1.0" encoding="UTF-8"?>
<testng-results skipped="0" failed="0" total="1" passed="1">
  <reporter-output>
  </reporter-output>
  <suite name="Suite" duration-ms="137750" started-at="2019-07-24T11:47:10Z" finished-at="2019-07-24T11:49:28Z">
    <groups>
    </groups>
    <test name="Test" duration-ms="137750" started-at="2019-07-24T11:47:10Z" finished-at="2019-07-24T11:49:28Z">
      <class name="Jenkins.script1">
        <test-method status="PASS" signature="beforeMethod()[pri:0, instance:Jenkins.script1@19bb089b]" name="beforeMethod" is-config="true" duration-ms="58804" started-at="2019-07-24T17:17:10Z" finished-at="2019-07-24T17:18:09Z">
          <reporter-output>
          </reporter-output>
        </test-method> <!-- beforeMethod -->
        <test-method status="PASS" signature="f()[pri:0, instance:Jenkins.script1@19bb089b]" name="f" duration-ms="78763" started-at="2019-07-24T17:18:09Z" finished-at="2019-07-24T17:19:28Z">
          <reporter-output>
          </reporter-output>
        </test-method> <!-- f -->
        <test-method status="PASS" signature="afterMethod()[pri:0, instance:Jenkins.script1@19bb089b]" name="afterMethod" is-config="true" duration-ms="160" started-at="2019-07-24T17:19:28Z" finished-at="2019-07-24T17:19:28Z">
          <reporter-output>
          </reporter-output>
        </test-method> <!-- afterMethod -->
      </class> <!-- Jenkins.script1 -->
    </test> <!-- Test -->
  </suite> <!-- Suite -->
</testng-results>
