<?xml version="1.0" encoding="UTF-8"?>
<testng-results skipped="0" failed="0" total="1" passed="1">
  <reporter-output>
  </reporter-output>
  <suite name="Default suite" duration-ms="50661" started-at="2019-07-25T08:27:46Z" finished-at="2019-07-25T08:28:37Z">
    <groups>
    </groups>
    <test name="Default test" duration-ms="50661" started-at="2019-07-25T08:27:46Z" finished-at="2019-07-25T08:28:37Z">
      <class name="Jenkins.TestScript">
        <test-method status="PASS" signature="beforeMethod()[pri:0, instance:Jenkins.TestScript@19bb089b]" name="beforeMethod" is-config="true" duration-ms="28951" started-at="2019-07-25T13:57:46Z" finished-at="2019-07-25T13:58:15Z">
          <reporter-output>
          </reporter-output>
        </test-method> <!-- beforeMethod -->
        <test-method status="PASS" signature="f()[pri:0, instance:Jenkins.TestScript@19bb089b]" name="f" duration-ms="19572" started-at="2019-07-25T13:58:15Z" finished-at="2019-07-25T13:58:34Z">
          <reporter-output>
          </reporter-output>
        </test-method> <!-- f -->
        <test-method status="PASS" signature="afterMethod()[pri:0, instance:Jenkins.TestScript@19bb089b]" name="afterMethod" is-config="true" duration-ms="2118" started-at="2019-07-25T13:58:34Z" finished-at="2019-07-25T13:58:37Z">
          <reporter-output>
          </reporter-output>
        </test-method> <!-- afterMethod -->
      </class> <!-- Jenkins.TestScript -->
    </test> <!-- Default test -->
  </suite> <!-- Default suite -->
</testng-results>
